<?xml version="1.0" encoding="UTF-8"?>
<!-- Generated by org.testng.reporters.JUnitXMLReporter -->
<testsuite ignored="1" hostname="tama" failures="0" tests="3" name="Default test" time="3.14" errors="0" timestamp="2025-05-17T00:09:03 GMT+03:00">
  <testcase classname="SmartBuyTask.SmartBuyTask.AppTest" name="updateDataBase" time="0.028"/>
  <testcase classname="SmartBuyTask.SmartBuyTask.AppTest" name="ReadDataBase" time="0.313"/>
  <testcase classname="SmartBuyTask.SmartBuyTask.AppTest" name="DeleteDataBase" time="0.014"/>
  <testcase classname="SmartBuyTask.SmartBuyTask.AppTest" name="InsertToDataBase" time="0.0">
    <ignored/>
  </testcase> <!-- InsertToDataBase -->
</testsuite> <!-- Default test -->
