<?xml version="1.0" encoding="UTF-8"?>
<testng-results ignored="1" total="4" passed="3" failed="0" skipped="0">
  <reporter-output>
  </reporter-output>
  <suite started-at="2025-05-17T00:09:00 GMT+03:00" name="Default suite" finished-at="2025-05-17T00:09:03 GMT+03:00" duration-ms="3140">
    <groups>
    </groups>
    <test started-at="2025-05-17T00:09:00 GMT+03:00" name="Default test" finished-at="2025-05-17T00:09:03 GMT+03:00" duration-ms="3140">
      <class name="SmartBuyTask.SmartBuyTask.AppTest">
        <test-method is-config="true" signature="MySetUp()[pri:0, instance:SmartBuyTask.SmartBuyTask.AppTest@64a8c844]" started-at="2025-05-17T00:09:00 GMT+03:00" name="MySetUp" finished-at="2025-05-17T00:09:03 GMT+03:00" duration-ms="2745" status="PASS">
          <reporter-output>
          </reporter-output>
        </test-method> <!-- MySetUp -->
        <test-method signature="updateDataBase()[pri:2, instance:SmartBuyTask.SmartBuyTask.AppTest@64a8c844]" started-at="2025-05-17T00:09:03 GMT+03:00" name="updateDataBase" finished-at="2025-05-17T00:09:03 GMT+03:00" duration-ms="28" status="PASS">
          <reporter-output>
          </reporter-output>
        </test-method> <!-- updateDataBase -->
        <test-method signature="ReadDataBase()[pri:3, instance:SmartBuyTask.SmartBuyTask.AppTest@64a8c844]" started-at="2025-05-17T00:09:03 GMT+03:00" name="ReadDataBase" finished-at="2025-05-17T00:09:03 GMT+03:00" duration-ms="313" status="PASS">
          <reporter-output>
          </reporter-output>
        </test-method> <!-- ReadDataBase -->
        <test-method signature="DeleteDataBase()[pri:4, instance:SmartBuyTask.SmartBuyTask.AppTest@64a8c844]" started-at="2025-05-17T00:09:03 GMT+03:00" name="DeleteDataBase" finished-at="2025-05-17T00:09:03 GMT+03:00" duration-ms="14" status="PASS">
          <reporter-output>
          </reporter-output>
        </test-method> <!-- DeleteDataBase -->
      </class> <!-- SmartBuyTask.SmartBuyTask.AppTest -->
    </test> <!-- Default test -->
  </suite> <!-- Default suite -->
</testng-results>
